
Showing logs for build [32mcb-kubecd-environment-pr-185-5-x8zlb-1[0m stage [32mfrom-build-pack[0m and container [32mstep-credential-initializer-sj6jl[0m
{"level":"warn","ts":1584635875.735248,"logger":"fallback-logger","caller":"logging/config.go:69","msg":"Fetch GitHub commit ID from kodata failed: \"ref: refs/heads/0.8.0-**-support-backwards-incompats\" is not a valid GitHub commit ID"}
{"level":"info","ts":1584635875.7357726,"logger":"fallback-logger","caller":"creds-init/main.go:40","msg":"Credentials initialized."}

Showing logs for build [32mcb-kubecd-environment-pr-185-5-x8zlb-1[0m stage [32mfrom-build-pack[0m and container [32mstep-working-dir-initializer-g45wh[0m
{"level":"warn","ts":1584635876.7179494,"logger":"fallback-logger","caller":"logging/config.go:69","msg":"Fetch GitHub commit ID from kodata failed: open /var/run/ko/HEAD: no such file or directory"}
{"level":"info","ts":1584635876.7195754,"logger":"fallback-logger","caller":"bash/main.go:64","msg":"Successfully executed command \"sh -c mkdir -p /workspace/source\"; output "}

Showing logs for build [32mcb-kubecd-environment-pr-185-5-x8zlb-1[0m stage [32mfrom-build-pack[0m and container [32mstep-place-tools[0m

Showing logs for build [32mcb-kubecd-environment-pr-185-5-x8zlb-1[0m stage [32mfrom-build-pack[0m and container [32mstep-git-source-cb-kubecd-environment-pr-185-5-x8zlb-ztgsg[0m
{"level":"warn","ts":1584635880.871224,"logger":"fallback-logger","caller":"logging/config.go:69","msg":"Fetch GitHub commit ID from kodata failed: \"ref: refs/heads/0.8.0-**-support-backwards-incompats\" is not a valid GitHub commit ID"}
{"level":"info","ts":1584635881.9976752,"logger":"fallback-logger","caller":"git/git.go:103","msg":"Successfully cloned https://github.com/cb-kubecd/environment-pr-185-5-boot-gke-staging.git @ master in path /workspace/source"}

Showing logs for build [32mcb-kubecd-environment-pr-185-5-x8zlb-1[0m stage [32mfrom-build-pack[0m and container [32mstep-git-merge[0m
Using SHAs from PULL_REFS=master:2be198005c5263e63da85e6147bc2edffc231309,4:d77fdeebfd87d475eca7da5afb688594323bf3ac
DEBUG: LC_ALL=C JX_LOG_LEVEL=error git fetch origin --unshallow d77fdeebfd87d475eca7da5afb688594323bf3ac: 2be198005c5263e63da85e6147bc2edffc231309:
DEBUG: ran git fetch --unshallow origin d77fdeebfd87d475eca7da5afb688594323bf3ac: 2be198005c5263e63da85e6147bc2edffc231309: in 
DEBUG: LC_ALL=C JX_LOG_LEVEL=error git branch
DEBUG: LC_ALL=C JX_LOG_LEVEL=error git checkout master
DEBUG: ran git checkout master in 
DEBUG: LC_ALL=C JX_LOG_LEVEL=error git reset --hard 2be198005c5263e63da85e6147bc2edffc231309
DEBUG: ran git reset --hard 2be198005c5263e63da85e6147bc2edffc231309 in 
DEBUG: LC_ALL=C JX_LOG_LEVEL=error git clean -fd .
DEBUG: ran clean --force -d . in 
DEBUG: LC_ALL=C JX_LOG_LEVEL=error git merge d77fdeebfd87d475eca7da5afb688594323bf3ac
DEBUG: ran git merge d77fdeebfd87d475eca7da5afb688594323bf3ac in 
DEBUG: LC_ALL=C JX_LOG_LEVEL=error git log --format=%H%x1f%an%x1f%ae%x1f%cn%x1f%ce%x1f%s%n%b%x1e 2be198005c5263e63da85e6147bc2edffc231309..HEAD
Merged SHA d77fdeebfd87d475eca7da5afb688594323bf3ac with commit message 'chore: Promote bdd-gh-1584634006 to version 0.0.1' into base branch master

Showing logs for build [32mcb-kubecd-environment-pr-185-5-x8zlb-1[0m stage [32mfrom-build-pack[0m and container [32mstep-build-helm-build[0m
WARNING: No $CHART_REPOSITORY defined so using the default value of: http://jenkins-x-chartmuseum:8080
Adding missing Helm repo: storage.googleapis.com https://storage.googleapis.com/chartmuseum.jenkins-x.io
WARNING: No secrets found on "helm/repos" due: reading the secret "helm/repos" from vault: no secret "helm/repos" not found in vault
Read credentials for https://storage.googleapis.com/chartmuseum.jenkins-x.io from vault helm/repos
Successfully added Helm repository storage.googleapis.com.
Adding missing Helm repo: jenkins-x-chartmuseum http://jenkins-x-chartmuseum:8080
WARNING: No secrets found on "helm/repos" due: reading the secret "helm/repos" from vault: no secret "helm/repos" not found in vault
Read credentials for http://jenkins-x-chartmuseum:8080 from vault helm/repos
Successfully added Helm repository jenkins-x-chartmuseum.
WARNING: No $CHART_REPOSITORY defined so using the default value of: http://jenkins-x-chartmuseum:8080
Adding missing Helm repo: chartmuseum.jenkins-x.io http://chartmuseum.jenkins-x.io
WARNING: No secrets found on "helm/repos" due: reading the secret "helm/repos" from vault: no secret "helm/repos" not found in vault
Read credentials for http://chartmuseum.jenkins-x.io from vault helm/repos
Successfully added Helm repository chartmuseum.jenkins-x.io.
