
Showing logs for build [32mcb-kubecd-environment-pr-185-5-cc59g-1[0m stage [32mfrom-build-pack[0m and container [32mstep-credential-initializer-fpfgm[0m
{"level":"warn","ts":1584635170.3834941,"logger":"fallback-logger","caller":"logging/config.go:69","msg":"Fetch GitHub commit ID from kodata failed: \"ref: refs/heads/0.8.0-**-support-backwards-incompats\" is not a valid GitHub commit ID"}
{"level":"info","ts":1584635170.3845491,"logger":"fallback-logger","caller":"creds-init/main.go:40","msg":"Credentials initialized."}

Showing logs for build [32mcb-kubecd-environment-pr-185-5-cc59g-1[0m stage [32mfrom-build-pack[0m and container [32mstep-working-dir-initializer-rz2lr[0m
{"level":"warn","ts":1584635171.4087734,"logger":"fallback-logger","caller":"logging/config.go:69","msg":"Fetch GitHub commit ID from kodata failed: open /var/run/ko/HEAD: no such file or directory"}
{"level":"info","ts":1584635171.4103565,"logger":"fallback-logger","caller":"bash/main.go:64","msg":"Successfully executed command \"sh -c mkdir -p /workspace/source\"; output "}

Showing logs for build [32mcb-kubecd-environment-pr-185-5-cc59g-1[0m stage [32mfrom-build-pack[0m and container [32mstep-place-tools[0m

Showing logs for build [32mcb-kubecd-environment-pr-185-5-cc59g-1[0m stage [32mfrom-build-pack[0m and container [32mstep-git-source-cb-kubecd-environment-pr-185-5-cc59g-rxjtb[0m
{"level":"warn","ts":1584635174.5151782,"logger":"fallback-logger","caller":"logging/config.go:69","msg":"Fetch GitHub commit ID from kodata failed: \"ref: refs/heads/0.8.0-**-support-backwards-incompats\" is not a valid GitHub commit ID"}
{"level":"info","ts":1584635175.5462782,"logger":"fallback-logger","caller":"git/git.go:103","msg":"Successfully cloned https://github.com/cb-kubecd/environment-pr-185-5-boot-gke-staging.git @ master in path /workspace/source"}

Showing logs for build [32mcb-kubecd-environment-pr-185-5-cc59g-1[0m stage [32mfrom-build-pack[0m and container [32mstep-git-merge[0m
Using SHAs from PULL_REFS=master:b360aa49af536f7eeef1b430eee494dcd1e55a3c,3:a03cb7f4140d011b0d8c3edb8567d9cb65686dd3
DEBUG: LC_ALL=C JX_LOG_LEVEL=error git fetch origin --unshallow a03cb7f4140d011b0d8c3edb8567d9cb65686dd3: b360aa49af536f7eeef1b430eee494dcd1e55a3c:
DEBUG: ran git fetch --unshallow origin a03cb7f4140d011b0d8c3edb8567d9cb65686dd3: b360aa49af536f7eeef1b430eee494dcd1e55a3c: in 
DEBUG: LC_ALL=C JX_LOG_LEVEL=error git branch
DEBUG: LC_ALL=C JX_LOG_LEVEL=error git checkout master
DEBUG: ran git checkout master in 
DEBUG: LC_ALL=C JX_LOG_LEVEL=error git reset --hard b360aa49af536f7eeef1b430eee494dcd1e55a3c
DEBUG: ran git reset --hard b360aa49af536f7eeef1b430eee494dcd1e55a3c in 
DEBUG: LC_ALL=C JX_LOG_LEVEL=error git clean -fd .
DEBUG: ran clean --force -d . in 
DEBUG: LC_ALL=C JX_LOG_LEVEL=error git merge a03cb7f4140d011b0d8c3edb8567d9cb65686dd3
DEBUG: ran git merge a03cb7f4140d011b0d8c3edb8567d9cb65686dd3 in 
DEBUG: LC_ALL=C JX_LOG_LEVEL=error git log --format=%H%x1f%an%x1f%ae%x1f%cn%x1f%ce%x1f%s%n%b%x1e b360aa49af536f7eeef1b430eee494dcd1e55a3c..HEAD
Merged SHA a03cb7f4140d011b0d8c3edb8567d9cb65686dd3 with commit message 'chore: Promote bdd-nh-1584634006 to version 0.0.1' into base branch master

Showing logs for build [32mcb-kubecd-environment-pr-185-5-cc59g-1[0m stage [32mfrom-build-pack[0m and container [32mstep-build-helm-build[0m
WARNING: No $CHART_REPOSITORY defined so using the default value of: http://jenkins-x-chartmuseum:8080
Adding missing Helm repo: storage.googleapis.com https://storage.googleapis.com/chartmuseum.jenkins-x.io
WARNING: No secrets found on "helm/repos" due: reading the secret "helm/repos" from vault: no secret "helm/repos" not found in vault
Read credentials for https://storage.googleapis.com/chartmuseum.jenkins-x.io from vault helm/repos
Successfully added Helm repository storage.googleapis.com.
Adding missing Helm repo: jenkins-x-chartmuseum http://jenkins-x-chartmuseum:8080
WARNING: No secrets found on "helm/repos" due: reading the secret "helm/repos" from vault: no secret "helm/repos" not found in vault
Read credentials for http://jenkins-x-chartmuseum:8080 from vault helm/repos
Successfully added Helm repository jenkins-x-chartmuseum.
WARNING: No $CHART_REPOSITORY defined so using the default value of: http://jenkins-x-chartmuseum:8080
Adding missing Helm repo: chartmuseum.jenkins-x.io http://chartmuseum.jenkins-x.io
WARNING: No secrets found on "helm/repos" due: reading the secret "helm/repos" from vault: no secret "helm/repos" not found in vault
Read credentials for http://chartmuseum.jenkins-x.io from vault helm/repos
Successfully added Helm repository chartmuseum.jenkins-x.io.
