
Showing logs for build [32mcb-kubecd-environment-pr-185-5-ljx6n-1[0m stage [32mfrom-build-pack[0m and container [32mstep-credential-initializer-svdhw[0m
{"level":"warn","ts":1584634386.8445272,"logger":"fallback-logger","caller":"logging/config.go:69","msg":"Fetch GitHub commit ID from kodata failed: \"ref: refs/heads/0.8.0-**-support-backwards-incompats\" is not a valid GitHub commit ID"}
{"level":"info","ts":1584634386.846563,"logger":"fallback-logger","caller":"creds-init/main.go:40","msg":"Credentials initialized."}

Showing logs for build [32mcb-kubecd-environment-pr-185-5-ljx6n-1[0m stage [32mfrom-build-pack[0m and container [32mstep-working-dir-initializer-2fqt8[0m
{"level":"warn","ts":1584634387.8116739,"logger":"fallback-logger","caller":"logging/config.go:69","msg":"Fetch GitHub commit ID from kodata failed: open /var/run/ko/HEAD: no such file or directory"}
{"level":"info","ts":1584634387.8154671,"logger":"fallback-logger","caller":"bash/main.go:64","msg":"Successfully executed command \"sh -c mkdir -p /workspace/source\"; output "}

Showing logs for build [32mcb-kubecd-environment-pr-185-5-ljx6n-1[0m stage [32mfrom-build-pack[0m and container [32mstep-place-tools[0m

Showing logs for build [32mcb-kubecd-environment-pr-185-5-ljx6n-1[0m stage [32mfrom-build-pack[0m and container [32mstep-git-source-cb-kubecd-environment-pr-185-5-ljx6n-9q26c[0m
{"level":"warn","ts":1584634392.9276261,"logger":"fallback-logger","caller":"logging/config.go:69","msg":"Fetch GitHub commit ID from kodata failed: \"ref: refs/heads/0.8.0-**-support-backwards-incompats\" is not a valid GitHub commit ID"}
{"level":"info","ts":1584634394.0532982,"logger":"fallback-logger","caller":"git/git.go:103","msg":"Successfully cloned https://github.com/cb-kubecd/environment-pr-185-5-boot-gke-staging.git @ master in path /workspace/source"}

Showing logs for build [32mcb-kubecd-environment-pr-185-5-ljx6n-1[0m stage [32mfrom-build-pack[0m and container [32mstep-git-merge[0m
Using SHAs from PULL_REFS=master:587d01244bad4d7c1711f12282643baf77d392ef,2:d4ff3d09498aec4178cfe11cf30c14f3c3029b77
DEBUG: LC_ALL=C JX_LOG_LEVEL=error git fetch origin --unshallow d4ff3d09498aec4178cfe11cf30c14f3c3029b77: 587d01244bad4d7c1711f12282643baf77d392ef:
DEBUG: ran git fetch --unshallow origin d4ff3d09498aec4178cfe11cf30c14f3c3029b77: 587d01244bad4d7c1711f12282643baf77d392ef: in 
DEBUG: JX_LOG_LEVEL=error LC_ALL=C git branch
DEBUG: LC_ALL=C JX_LOG_LEVEL=error git checkout master
DEBUG: ran git checkout master in 
DEBUG: LC_ALL=C JX_LOG_LEVEL=error git reset --hard 587d01244bad4d7c1711f12282643baf77d392ef
DEBUG: ran git reset --hard 587d01244bad4d7c1711f12282643baf77d392ef in 
DEBUG: LC_ALL=C JX_LOG_LEVEL=error git clean -fd .
DEBUG: ran clean --force -d . in 
DEBUG: LC_ALL=C JX_LOG_LEVEL=error git merge d4ff3d09498aec4178cfe11cf30c14f3c3029b77
DEBUG: ran git merge d4ff3d09498aec4178cfe11cf30c14f3c3029b77 in 
DEBUG: JX_LOG_LEVEL=error LC_ALL=C git log --format=%H%x1f%an%x1f%ae%x1f%cn%x1f%ce%x1f%s%n%b%x1e 587d01244bad4d7c1711f12282643baf77d392ef..HEAD
Merged SHA d4ff3d09498aec4178cfe11cf30c14f3c3029b77 with commit message 'chore: Promote bdd-sbhg-1584634006 to version 0.0.1' into base branch master

Showing logs for build [32mcb-kubecd-environment-pr-185-5-ljx6n-1[0m stage [32mfrom-build-pack[0m and container [32mstep-build-helm-build[0m
WARNING: No $CHART_REPOSITORY defined so using the default value of: http://jenkins-x-chartmuseum:8080
Adding missing Helm repo: storage.googleapis.com https://storage.googleapis.com/chartmuseum.jenkins-x.io
WARNING: No secrets found on "helm/repos" due: reading the secret "helm/repos" from vault: no secret "helm/repos" not found in vault
Read credentials for https://storage.googleapis.com/chartmuseum.jenkins-x.io from vault helm/repos
Successfully added Helm repository storage.googleapis.com.
Adding missing Helm repo: jenkins-x-chartmuseum http://jenkins-x-chartmuseum:8080
WARNING: No secrets found on "helm/repos" due: reading the secret "helm/repos" from vault: no secret "helm/repos" not found in vault
Read credentials for http://jenkins-x-chartmuseum:8080 from vault helm/repos
Successfully added Helm repository jenkins-x-chartmuseum.
WARNING: No $CHART_REPOSITORY defined so using the default value of: http://jenkins-x-chartmuseum:8080
Adding missing Helm repo: chartmuseum.jenkins-x.io http://chartmuseum.jenkins-x.io
WARNING: No secrets found on "helm/repos" due: reading the secret "helm/repos" from vault: no secret "helm/repos" not found in vault
Read credentials for http://chartmuseum.jenkins-x.io from vault helm/repos
Successfully added Helm repository chartmuseum.jenkins-x.io.
